2023-12-09 18:43:36.244 - DBeaver 23.3.0.202312031432 is starting
2023-12-09 18:43:36.246 - OS: Windows 11 10.0 (amd64)
2023-12-09 18:43:36.247 - Java version: 17.0.6 by Eclipse Adoptium (64bit)
2023-12-09 18:43:36.247 - Install path: 'C:\Program Files\DBeaver'
2023-12-09 18:43:36.248 - Instance path: 'file:/C:/Users/Le-Yo/Documents/My code/2.PROJECTS/bround/'
2023-12-09 18:43:36.248 - Memory available 64Mb/1024Mb
2023-12-09 18:43:36.261 - Create display
2023-12-09 18:43:36.418 - Initializing DBeaver 23.3.0
2023-12-09 18:43:36.420 - Host plugin: org.jkiss.dbeaver.ui.app.standalone 23.3.0.202312031432
2023-12-09 18:43:36.421 - Initialize desktop platform...
2023-12-09 18:43:36.633 - BounceCastle bundle found. Use JCE provider BC
> Start Core File Systems [org.eclipse.core.filesystem 1.10.100.v20230717-1727]
> Start Core Resource Management [org.eclipse.core.resources 3.19.100.v20230814-1312]
> Start Team Support Core [org.eclipse.team.core 3.10.100.v20230726-0617]
> Start DBeaver UI Navigator [org.jkiss.dbeaver.ui.navigator 1.0.120.202312031432]
2023-12-09 18:43:36.937 - Initialize base platform...
2023-12-09 18:43:36.971 - Platform initialized (550ms)
2023-12-09 18:43:37.024 - Starting instance server at http://localhost:60992
2023-12-09 18:43:37.035 - Run workbench
> Start DBeaver UI [org.jkiss.dbeaver.ui 5.1.135.202312031432]
> Start Eclipse e4 Workbench SWT [org.eclipse.e4.ui.workbench.swt 0.17.100.v20230727-0604]
> Start Eclipse Application Services [org.eclipse.e4.core.services 2.4.100.v20230708-0809]
> Start Eclipse UI Application Services [org.eclipse.e4.ui.services 1.6.100.v20230630-1554]
> Start Eclipse e4 Progress View [org.eclipse.e4.ui.progress 0.4.100.v20230727-0604]
> Start Eclipse Bindings Support [org.eclipse.e4.ui.bindings 0.14.100.v20230630-1554]
> Start Eclipse e4 core commands [org.eclipse.e4.core.commands 1.1.100.v20230630-1554]
> Start EMF XML/XMI Persistence [org.eclipse.emf.ecore.xmi 2.35.0.v20230801-1141]
> Start Eclipse CSS SWT Theme Support [org.eclipse.e4.ui.css.swt.theme 0.14.100.v20230727-0604]
> Start Eclipse e4 Workbench Add-ons [org.eclipse.e4.ui.workbench.addons.swt 1.5.100.v20230727-0604]
> Start Eclipse e4 Workbench SWT Renderer [org.eclipse.e4.ui.workbench.renderers.swt 0.16.100.v20230801-1255]
> Start Eclipse Dependency Injection Extensions [org.eclipse.e4.core.di.extensions 0.18.0.v20230429-1914]
> Start Eclipse CSS SWT Support [org.eclipse.e4.ui.css.swt 0.15.100.v20230727-0604]
> Start jna [com.sun.jna 5.13.0.v20230812-1000]
2023-12-09 18:43:39.301 - Configure workbench window
> Start DBeaver SQL Model [org.jkiss.dbeaver.model.sql 1.0.110.202312031432]
2023-12-09 18:43:39.532 - Total database drivers: 108 (108)
> Start Help System Core [org.eclipse.help 3.10.100.v20230726-0617]
2023-12-09 18:43:39.688 - Create actions
2023-12-09 18:43:39.696 - Disable Eclipse action set 'org.eclipse.ui.edit.text.actionSet.annotationNavigation'
2023-12-09 18:43:39.698 - Disable Eclipse action set 'org.eclipse.ui.WorkingSetActionSet'
2023-12-09 18:43:39.699 - Disable Eclipse action set 'org.eclipse.ui.actionSet.openFiles'
2023-12-09 18:43:40.306 - Initialize workbench window
2023-12-09 18:43:40.315 - Finish initialization
> Start Default Text Editor [org.eclipse.ui.editors 3.17.0.v20230821-1342]
> Start Text Editor Framework [org.eclipse.ui.workbench.texteditor 3.17.100.v20230821-0745]
> Start DBeaver UI Editors - Data [org.jkiss.dbeaver.ui.editors.data 1.0.120.202312031432]
> Start Internet Connection Management UI [org.eclipse.ui.net 1.5.100.v20230726-0617]
> Start Internet Connection Management [org.eclipse.core.net 1.5.100.v20230630-1232]
> Start DBeaver UI Editors - SQL [org.jkiss.dbeaver.ui.editors.sql 1.0.120.202312031432]
> Start DBeaver Sample Database [org.jkiss.dbeaver.ext.sample.database 1.0.157.202312031432]
> Start DBeaver Tip of the day [org.jkiss.dbeaver.ext.ui.tipoftheday 1.0.126.202312031432]
> Start GEF Classic Draw2d [org.eclipse.draw2d 3.14.0.202308311129]
> Start GEF Classic GEF (MVC) [org.eclipse.gef 3.15.0.202308311129]
> Start DBeaver ERD UI [org.jkiss.dbeaver.erd.ui 3.0.80.202312031432]
> Start DBeaver ERD Model [org.jkiss.dbeaver.erd.model 1.0.80.202312031432]
2023-12-09 18:43:42.439 - Connect with 'localhost' (mysql8-18c3c158662-1cb4ff68d13a9318)
> Start DBeaver JDBC Model [org.jkiss.dbeaver.model.jdbc 1.0.13.202312031432]
> Start DBeaver MySQL Support [org.jkiss.dbeaver.ext.mysql 2.1.205.202312031432]
2023-12-09 18:43:42.493 - Execution context opened (localhost; Main; 0)
> Start DBeaver GIS Support [org.jkiss.dbeaver.data.gis 1.0.144.202312031432]
2023-12-09 18:43:42.894 - Execution context opened (localhost; Metadata; 1)
2023-12-09 18:43:42.974 - Connected (mysql8-18c3c158662-1cb4ff68d13a9318, MySQL Connector/J [mysql-connector-j-8.2.0 (Revision: 06a1f724497fd81c6a659131fda822c9e5085b6c)])
> Start DBeaver SQL Terminal [org.jkiss.dbeaver.ui.editors.sql.terminal 1.0.96.202312031432]
> Start Core Compare Support [org.eclipse.compare.core 3.8.100.v20230726-0617]
> Start Console [org.eclipse.ui.console 3.13.0.v20230726-0617]
> Start Debug Core [org.eclipse.debug.core 3.21.100.v20230731-1425]
2023-12-09 18:43:50.807 - Execution context opened (localhost; SQLEditor <Script.sql>; 2)
> Start DBeaver Tasks - Native Tools UI [org.jkiss.dbeaver.tasks.native.ui 1.0.98.202312031432]
> Start DBeaver MySQL UI Support [org.jkiss.dbeaver.ext.mysql.ui 1.0.112.202312031432]
> Start DBeaver Tasks - General UI [org.jkiss.dbeaver.tasks.ui 1.0.98.202312031432]
2023-12-09 18:54:48.210 - Can't get column 'password': Column 'password' not found.
2023-12-09 18:55:30.976 - Error setting value from combo: Can't write property 'Data Type' value
2023-12-09 18:56:08.720 - Error setting value from combo: Can't write property 'Data Type' value
